<?xml version="1.0" encoding="UTF-8"?>
<robot generator="Robot 4.1 (Python 3.9.5 on win32)" generated="20210826 23:27:09.029" rpa="false" schemaversion="2">
<suite id="s1" name="Jsondata" source="C:\Users\Vibhor\PycharmProjects\API_Automation\JSONpath\jsondata.robot">
<test id="s1-t1" name="Test Case 1:">
<kw name="Load JSON From File" library="JSONLibrary">
<var>${json_obj}</var>
<arg>C:/Users/Vibhor/Desktop/JSONpython/jsondata.json</arg>
<doc>Load JSON from file.</doc>
<msg timestamp="20210826 23:27:09.595" level="INFO">${json_obj} = {'firstName': 'Jhon', 'lastName': 'Smith', 'Age': '25', 'Address': {'streetAddress': '21 2nd Street', 'city': 'New York', 'State': 'NY', 'postalCode': '10021'}, 'phoneNumber': [{'type': 'home', 'numbe...</msg>
<status status="PASS" starttime="20210826 23:27:09.592" endtime="20210826 23:27:09.595"/>
</kw>
<kw name="Get Value From Json" library="JSONLibrary">
<var>${value}</var>
<arg>${json_obj}</arg>
<arg>$.phoneNumber[0].number</arg>
<doc>Get Value From JSON using JSONPath</doc>
<msg timestamp="20210826 23:27:09.660" level="INFO">${value} = ['8920097461']</msg>
<status status="PASS" starttime="20210826 23:27:09.596" endtime="20210826 23:27:09.660"/>
</kw>
<kw name="Log To Console" library="BuiltIn">
<arg>${value}</arg>
<doc>Logs the given message to the console.</doc>
<status status="PASS" starttime="20210826 23:27:09.665" endtime="20210826 23:27:09.666"/>
</kw>
<kw name="Should Be Equal" library="BuiltIn">
<arg>${value[0]}</arg>
<arg>8920097461</arg>
<doc>Fails if the given objects are unequal.</doc>
<status status="PASS" starttime="20210826 23:27:09.667" endtime="20210826 23:27:09.668"/>
</kw>
<kw name="Get Value From Json" library="JSONLibrary">
<var>${value}</var>
<arg>${json_obj}</arg>
<arg>$.phoneNumber[1].number</arg>
<doc>Get Value From JSON using JSONPath</doc>
<msg timestamp="20210826 23:27:09.748" level="INFO">${value} = ['9454737426']</msg>
<status status="PASS" starttime="20210826 23:27:09.669" endtime="20210826 23:27:09.748"/>
</kw>
<kw name="Log To Console" library="BuiltIn">
<arg>${value}</arg>
<doc>Logs the given message to the console.</doc>
<status status="PASS" starttime="20210826 23:27:09.749" endtime="20210826 23:27:09.751"/>
</kw>
<kw name="Should Be Equal" library="BuiltIn">
<arg>${value[0]}</arg>
<arg>9454737426</arg>
<doc>Fails if the given objects are unequal.</doc>
<status status="PASS" starttime="20210826 23:27:09.752" endtime="20210826 23:27:09.753"/>
</kw>
<kw name="Get Value From Json" library="JSONLibrary">
<var>${value}</var>
<arg>${json_obj}</arg>
<arg>$.Address.postalCode</arg>
<doc>Get Value From JSON using JSONPath</doc>
<msg timestamp="20210826 23:27:09.814" level="INFO">${value} = ['10021']</msg>
<status status="PASS" starttime="20210826 23:27:09.754" endtime="20210826 23:27:09.814"/>
</kw>
<kw name="Log To Console" library="BuiltIn">
<arg>${value}</arg>
<doc>Logs the given message to the console.</doc>
<status status="PASS" starttime="20210826 23:27:09.816" endtime="20210826 23:27:09.817"/>
</kw>
<kw name="Should Be Equal" library="BuiltIn">
<arg>${value[0]}</arg>
<arg>10021</arg>
<doc>Fails if the given objects are unequal.</doc>
<status status="PASS" starttime="20210826 23:27:09.819" endtime="20210826 23:27:09.821"/>
</kw>
<kw name="Get Value From Json" library="JSONLibrary">
<var>${value}</var>
<arg>${json_obj}</arg>
<arg>$.Address.streetAddress</arg>
<doc>Get Value From JSON using JSONPath</doc>
<msg timestamp="20210826 23:27:09.872" level="INFO">${value} = ['21 2nd Street']</msg>
<status status="PASS" starttime="20210826 23:27:09.822" endtime="20210826 23:27:09.872"/>
</kw>
<kw name="Log To Console" library="BuiltIn">
<arg>${value}</arg>
<doc>Logs the given message to the console.</doc>
<status status="PASS" starttime="20210826 23:27:09.877" endtime="20210826 23:27:09.878"/>
</kw>
<kw name="Should Be Equal" library="BuiltIn">
<arg>${value[0]}</arg>
<arg>21 2nd Street</arg>
<doc>Fails if the given objects are unequal.</doc>
<status status="PASS" starttime="20210826 23:27:09.880" endtime="20210826 23:27:09.882"/>
</kw>
<kw name="Get Value From Json" library="JSONLibrary">
<var>${value}</var>
<arg>${json_obj}</arg>
<arg>$.Age</arg>
<doc>Get Value From JSON using JSONPath</doc>
<msg timestamp="20210826 23:27:09.944" level="INFO">${value} = ['25']</msg>
<status status="PASS" starttime="20210826 23:27:09.883" endtime="20210826 23:27:09.944"/>
</kw>
<kw name="Log To Console" library="BuiltIn">
<arg>${value}</arg>
<doc>Logs the given message to the console.</doc>
<status status="PASS" starttime="20210826 23:27:09.946" endtime="20210826 23:27:09.948"/>
</kw>
<kw name="Should Be Equal" library="BuiltIn">
<arg>${value[0]}</arg>
<arg>25</arg>
<doc>Fails if the given objects are unequal.</doc>
<status status="PASS" starttime="20210826 23:27:09.949" endtime="20210826 23:27:09.950"/>
</kw>
<status status="PASS" starttime="20210826 23:27:09.592" endtime="20210826 23:27:09.951"/>
</test>
<status status="PASS" starttime="20210826 23:27:09.031" endtime="20210826 23:27:09.956"/>
</suite>
<statistics>
<total>
<stat pass="1" fail="0" skip="0">All Tests</stat>
</total>
<tag>
</tag>
<suite>
<stat pass="1" fail="0" skip="0" id="s1" name="Jsondata">Jsondata</stat>
</suite>
</statistics>
<errors>
</errors>
</robot>
